  Main.cpp
D:\OneDrive - University of Exeter\MSc Advanced Computer Science\Code Dir\ACS Final Project\FinalPorject\ACS Final Project\ACS Final Project\Engine.h(76,24): warning C4244: “=”: 从“UINT”转换到“FLOAT”，可能丢失数据
D:\OneDrive - University of Exeter\MSc Advanced Computer Science\Code Dir\ACS Final Project\FinalPorject\ACS Final Project\ACS Final Project\Engine.h(77,25): warning C4244: “=”: 从“UINT”转换到“FLOAT”，可能丢失数据
D:\OneDrive - University of Exeter\MSc Advanced Computer Science\Code Dir\ACS Final Project\FinalPorject\ACS Final Project\ACS Final Project\Mesh.h(105,76): warning C4267: “初始化”: 从“size_t”转换到“UINT”，可能丢失数据
D:\OneDrive - University of Exeter\MSc Advanced Computer Science\Code Dir\ACS Final Project\FinalPorject\ACS Final Project\ACS Final Project\Mesh.h(105,76): warning C4267: “初始化”: 从“size_t”转换到“const UINT”，可能丢失数据
D:\OneDrive - University of Exeter\MSc Advanced Computer Science\Code Dir\ACS Final Project\FinalPorject\ACS Final Project\ACS Final Project\Mesh.h(107,66): warning C4267: “初始化”: 从“size_t”转换到“UINT”，可能丢失数据
D:\OneDrive - University of Exeter\MSc Advanced Computer Science\Code Dir\ACS Final Project\FinalPorject\ACS Final Project\ACS Final Project\Mesh.h(107,66): warning C4267: “初始化”: 从“size_t”转换到“const UINT”，可能丢失数据
D:\OneDrive - University of Exeter\MSc Advanced Computer Science\Code Dir\ACS Final Project\FinalPorject\ACS Final Project\ACS Final Project\Mesh.h(109,36): warning C4267: “=”: 从“size_t”转换到“UINT”，可能丢失数据
D:\OneDrive - University of Exeter\MSc Advanced Computer Science\Code Dir\ACS Final Project\FinalPorject\ACS Final Project\ACS Final Project\Mesh.h(110,38): warning C4267: “=”: 从“size_t”转换到“UINT”，可能丢失数据
D:\OneDrive - University of Exeter\MSc Advanced Computer Science\Code Dir\ACS Final Project\FinalPorject\ACS Final Project\ACS Final Project\Texture.h(414,23): warning C4018: “<”: 有符号/无符号不匹配
D:\OneDrive - University of Exeter\MSc Advanced Computer Science\Code Dir\ACS Final Project\FinalPorject\ACS Final Project\ACS Final Project\Texture.h(477,27): warning C4018: “<”: 有符号/无符号不匹配
D:\OneDrive - University of Exeter\MSc Advanced Computer Science\Code Dir\ACS Final Project\FinalPorject\ACS Final Project\ACS Final Project\Texture.h(503,27): warning C4018: “<”: 有符号/无符号不匹配
D:\OneDrive - University of Exeter\MSc Advanced Computer Science\Code Dir\ACS Final Project\FinalPorject\ACS Final Project\ACS Final Project\Light.h(26,30): warning C4305: “初始化”: 从“double”到“float”截断
D:\OneDrive - University of Exeter\MSc Advanced Computer Science\Code Dir\ACS Final Project\FinalPorject\ACS Final Project\ACS Final Project\ComplexModel.h(127,30): warning C4018: “<”: 有符号/无符号不匹配
D:\OneDrive - University of Exeter\MSc Advanced Computer Science\Code Dir\ACS Final Project\FinalPorject\ACS Final Project\ACS Final Project\ComplexModel.h(184,74): warning C4267: “初始化”: 从“size_t”转换到“UINT”，可能丢失数据
D:\OneDrive - University of Exeter\MSc Advanced Computer Science\Code Dir\ACS Final Project\FinalPorject\ACS Final Project\ACS Final Project\ComplexModel.h(184,74): warning C4267: “初始化”: 从“size_t”转换到“const UINT”，可能丢失数据
D:\OneDrive - University of Exeter\MSc Advanced Computer Science\Code Dir\ACS Final Project\FinalPorject\ACS Final Project\ACS Final Project\ComplexModel.h(186,64): warning C4267: “初始化”: 从“size_t”转换到“UINT”，可能丢失数据
D:\OneDrive - University of Exeter\MSc Advanced Computer Science\Code Dir\ACS Final Project\FinalPorject\ACS Final Project\ACS Final Project\ComplexModel.h(186,64): warning C4267: “初始化”: 从“size_t”转换到“const UINT”，可能丢失数据
D:\OneDrive - University of Exeter\MSc Advanced Computer Science\Code Dir\ACS Final Project\FinalPorject\ACS Final Project\ACS Final Project\ComplexModel.h(188,37): warning C4267: “=”: 从“size_t”转换到“UINT”，可能丢失数据
D:\OneDrive - University of Exeter\MSc Advanced Computer Science\Code Dir\ACS Final Project\FinalPorject\ACS Final Project\ACS Final Project\ComplexModel.h(189,39): warning C4267: “=”: 从“size_t”转换到“UINT”，可能丢失数据
D:\OneDrive - University of Exeter\MSc Advanced Computer Science\Code Dir\ACS Final Project\FinalPorject\ACS Final Project\ACS Final Project\Scene.h(147,68): warning C4305: “初始化”: 从“double”到“const float”截断
D:\OneDrive - University of Exeter\MSc Advanced Computer Science\Code Dir\ACS Final Project\FinalPorject\ACS Final Project\ACS Final Project\Main.cpp(60,47): warning C4244: “参数”: 从“double”转换到“float”，可能丢失数据
D:\OneDrive - University of Exeter\MSc Advanced Computer Science\Code Dir\ACS Final Project\FinalPorject\ACS Final Project\ACS Final Project\Main.cpp(61,49): warning C4244: “参数”: 从“double”转换到“float”，可能丢失数据
D:\OneDrive - University of Exeter\MSc Advanced Computer Science\Code Dir\ACS Final Project\FinalPorject\ACS Final Project\ACS Final Project\Main.cpp(236,44): warning C4305: “参数”: 从“double”到“float”截断
  ACS Final Project.vcxproj -> D:\OneDrive - University of Exeter\MSc Advanced Computer Science\Code Dir\ACS Final Project\FinalPorject\ACS Final Project\x64\Debug\ACS Final Project.exe
